0.67000000000032
0.2145000000001024
0.06352500000003033
0.027546750000013148
0.010504147500005011
0.008493702525004053
0.003964191981751891
0.000967697275545462
0.00031904685933135225
0.00012562470086171994
2.5304404030717876e-5
2.0545022506642435e-5
3.115995080174103e-6
1.5595954862820124e-6
1.1599491429222466e-6
4.739220783939465e-7
7.393184422945566e-7
5.457514319483454e-7
1.7783969075558155e-7
1.7388769762767978e-7
3.2169224061120746e-8
6.103458186731559e-9
3.2235301386219263e-9
1.244698572880789e-9
1.5351282398863063e-10
2.194502369589853e-10
1.2889813918222505e-10
1.3749134846104006e-10
3.849757756909122e-11
3.987249105370162e-11
1.0233939370450085e-11
2.384374965011357e-12
1.9502964457400583e-13
