0.2900000006051794
0.184600000385228
0.3415100007126718
0.10849510022641033
0.04749878709912168
0.006974028264553579
0.012971692572069657
0.0018285902109659482
0.003122119025418817
0.0005999365970412628
0.0017038199355971864
0.0004453929296434336
0.00018288947173483491
2.705762047583859e-5
2.9222230113905675e-5
6.3639523359172375e-6
3.750186197951229e-6
6.250310329918715e-7
1.9375962022748015e-7
3.277662737009374e-7
7.659380290695588e-8
1.776148186328869e-8
2.0129679445060513e-9
2.2838036315850474e-9
2.7662571487573876e-9
