0.3800000000018712
0.4650000000022897
0.10385000000051138
0.02659800000013097
0.006629040000032642
0.006631495200032654
0.005532817752027244
0.004088639404100133
0.00038410175810349147
0.0010030065909432911
0.0002234904429563384
4.515072746307798e-5
8.127130943354035e-6
2.8815669537751774e-6
1.722196079394569e-6
4.734414505052616e-7
6.322734209973492e-7
2.4447905611897503e-7
7.25849887304957e-8
7.624964547859635e-8
2.1715481226027646e-8
1.2972884888276256e-9
3.4248416105049316e-9
1.129159900675565e-9
2.2865487988680192e-10
2.520284898307861e-10
8.341330018270536e-11
2.8422309691884782e-11
1.2790039361348153e-11
1.492171258823951e-11
3.7304281470598774e-12
6.267119287060595e-12
