0.8000000000054186
0.08400000000056893
0.08120000000054997
0.008700000000058928
0.015921000000107835
0.004173390000028268
0.0039036465000264415
0.0004414123350029899
0.0005645873961038242
0.0007233360874788994
0.0002123977784142586
8.331954956741796e-5
5.845186861960398e-5
6.460469689535176e-6
4.319285449574946e-6
5.451898078574599e-6
1.7369286554557386e-6
3.0373983154379834e-7
1.0238971740750623e-7
5.3614979297021424e-8
1.1460201824738331e-8
5.609467208950868e-9
1.0340117888499433e-8
2.033992809965584e-9
5.359845918152552e-10
5.002522856942383e-11
9.26181374656761e-11
9.724904433895993e-12
1.419836047348815e-11
5.321755851544447e-12
