0.35000000003804205
0.20150000002190138
0.17491500001901178
0.18603780002022074
0.07003776000761251
0.013657363201484434
0.00269645376029308
0.00038135560324144995
0.00016259616174567275
0.00014068439328185112
0.00024020330974688234
6.231156446963242e-5
0.00012635400573008794
1.6847200764011728e-5
1.2382692561548618e-5
5.799648863011036e-6
2.9062684857977525e-6
2.342027091969702e-6
1.3985247492047644e-6
2.6498363669142907e-7
6.359607280594297e-8
8.253357004149043e-8
2.1673541612265367e-8
5.931224134173467e-9
1.2561801561779328e-9
8.825395934450082e-10
3.4435695834797674e-10
8.765449848857591e-11
2.419264158284695e-10
