0.4200000028302317
0.13920000093801968
0.16309600109904637
0.19994688134737149
0.02410470736243312
0.02360706179107966
0.016224489740051112
0.004008049872820034
0.00314009976243004
0.002535630558162257
0.003102811077751183
0.0006826184371052603
0.00015121032652240762
5.411923081813614e-5
7.169795875424924e-5
5.0744596114231904e-5
1.3611491663582203e-5
5.442208684439271e-6
2.2682715064011973e-6
1.0231352326745829e-6
1.2124152507193807e-6
8.057189957312338e-8
1.2569216333407246e-7
5.221059092338395e-8
4.8497837791054425e-8
8.576459735681203e-9
