0.7800000076513967
0.14960000146749863
0.04153600040744666
0.007216000070785227
0.008442720082818714
0.0038295312375657194
0.0026252096897519486
0.005332925969753244
0.0010773860566741995
0.00018712494668551884
0.00011329564953868685
1.791296080544103e-5
5.692340878173483e-6
5.184408922890311e-6
7.821976962410756e-6
8.626208396574116e-7
5.597450781776981e-7
6.203841283136155e-7
7.949779472818758e-7
1.5000888222623226e-7
1.1807842015236283e-7
3.8302982256441915e-8
2.9448757985999297e-8
1.1515479846939039e-8
