0.510000001430879
0.3087000008661026
0.04713800013225249
0.07513072021079015
0.029515640082810404
0.021546417260451596
0.002311074618484055
0.00254616669174364
0.0008713548233967124
0.0009186569423811051
0.0005552272934683852
0.00016868333963468085
0.00023922364530009284
0.00023683140884709193
7.930263841698077e-5
1.4518483033262635e-5
9.300369425425298e-6
6.042421832761163e-6
6.163270269416385e-6
4.273200720128694e-6
1.3700949808912623e-6
7.338421011686008e-7
1.1090317951463502e-7
7.175735452919899e-8
8.195445227808516e-8
2.5991269151049867e-8
2.1003755340983543e-9
3.0236275623476744e-9
1.20241933293361e-9
