0.39000000009564734
0.46360000011369773
0.0483120000118485
0.04413960001082522
0.03614542800886465
0.0064090699215718205
0.003190292583182418
0.004429949129790443
0.002717035466271471
0.00024302372781650388
0.0005369767759841186
0.00019640332382206999
3.0484008852383265e-5
2.0392197500725854e-5
1.232484522117041e-5
1.2424617777722743e-5
2.527473616427161e-6
1.075325138625374e-6
5.757125357563539e-7
2.543061235530653e-7
9.592760496649235e-8
4.9996166995248135e-8
7.1661172693189e-9
7.314439231404803e-9
1.507534423407717e-9
1.964164415425417e-10
2.356320000436216e-10
