0.7900000007799513
0.07350000007256506
0.03822000003773384
0.039312000038811946
0.03891888003842382
0.014034384013855861
0.004511052004453671
0.0011127261610985723
0.00023848428263545073
0.00010368201927036318
2.6835346164093995e-5
9.441162695913065e-6
4.1299597746540655e-6
4.8633405103956655e-6
2.6765142946867185e-6
3.8034676819232314e-7
2.742722806186864e-7
1.0292183547284267e-7
3.5946404018848375e-8
1.3449215552417909e-8
1.837369755468785e-8
7.563838826679833e-9
2.4682000381797345e-9
7.898240122175152e-9
9.872800152718937e-10
