0.21000000523555823
0.4266000106356626
0.24711200616080606
0.08140160202944198
0.015350016382694778
0.004298004587154538
0.011733552522931888
0.0016472688671804376
0.0006129943082337417
0.00042315182853226165
0.0006407016509659065
0.00010842643324038418
2.963655841903834e-5
2.7721024765124892e-5
4.1794775799726755e-6
4.9437249088819645e-6
1.7990859777105235e-6
1.0011042940485976e-6
2.192418403966429e-6
4.6220985256223755e-7
1.04605387685138e-7
1.0495407231075512e-7
5.008505962364407e-8
6.41088763182644e-8
