0.3500000007758717
0.2080000004610895
0.28288000062708163
0.12411360027513207
0.00700128001552027
0.016242969636007028
0.007174911759905174
0.0016972783064824863
0.0008958877115027826
0.0006779847003824285
0.00030270022799427237
0.00039522121072469563
0.00022253994326959783
0.00019385701724818302
0.00011904403365301688
4.4671778052165996e-5
2.359331685273656e-5
8.242439403714093e-6
2.3628326290647075e-6
1.927573986868577e-6
5.589964561918873e-7
9.990615973939834e-7
2.8452726862768377e-7
6.799093172401793e-8
4.079455903441075e-9
7.234235135435508e-9
2.7283401082213904e-9
7.389254459766267e-10
