0.21000000001863575
0.24490000002173284
0.19078500001693058
0.17361435001540687
0.05059618200449
0.10408357440923656
0.011449193185016018
0.0037886421084962103
0.0032349174926390714
0.0042269588570483865
0.001062778226915023
0.001061449754131379
0.0009336241028891746
0.00016853112011127664
6.825510364506703e-5
5.839603311855736e-6
1.5528036079252752e-5
3.830248899549012e-6
5.248476194787431e-7
1.8881056669966065e-7
2.401998774622639e-7
1.9595253161395214e-7
1.0581436707153416e-7
4.777322720748153e-8
3.09264042545036e-8
5.261725216999106e-9
2.223650830836144e-9
2.332362649232578e-9
1.1021401806882081e-9
2.1264822309748946e-10
2.1726424550131304e-10
