0.2200000017653488
0.22620000181509956
0.3765840030218278
0.05493696044083134
0.046466035572857986
0.0356321125419232
0.03053747857848227
0.0028930242863825307
0.0014175819003274398
0.0012265458632833137
0.0018067553846973334
0.0009657928783654837
0.0009736112016665378
0.00012963699835888697
0.00010601425643571201
9.333863881839862e-5
1.5556439803066437e-5
8.711606289717206e-6
3.285520086407631e-6
2.13558805616496e-6
6.122019094339553e-7
3.976464960579157e-7
3.2282403292212013e-7
6.373705265385448e-8
7.648446318462539e-9
7.866973356132897e-9
3.77614721094379e-9
