0.5400000028695111
0.19780000105109125
0.05506200029259447
0.04557036024215676
0.12117573064391683
0.019388116903026692
0.01512273118436082
0.003646258518895887
0.0005810489381724413
0.0011576282691281715
0.00034232721672790214
3.844979608175713e-5
7.036312682961555e-5
1.9793955022888573e-5
7.557691917830183e-6
6.524807355726725e-6
4.999413203644666e-6
4.705003314985592e-6
3.7945546215663014e-7
6.976358941279674e-7
1.707156070336673e-7
3.7820072942843207e-8
4.79054257276014e-8
5.101927839989548e-8
1.0419430095753305e-8
5.105520746919119e-9
